<?xml version="1.0" encoding="UTF-8"?>
<testng-results ignored="0" total="2" passed="2" failed="0" skipped="0">
  <reporter-output>
  </reporter-output>
  <suite started-at="2024-04-25T12:25:05 IST" name="Default suite" finished-at="2024-04-25T12:25:17 IST" duration-ms="12017">
    <groups>
    </groups>
    <test started-at="2024-04-25T12:25:05 IST" name="Default test" finished-at="2024-04-25T12:25:17 IST" duration-ms="12017">
      <class name="Extent_Report.Generate_ExtentReport">
        <test-method is-config="true" signature="generateReport()[pri:0, instance:Extent_Report.Generate_ExtentReport@5b247367]" started-at="2024-04-25T12:25:05 IST" name="generateReport" finished-at="2024-04-25T12:25:06 IST" duration-ms="258" status="PASS">
          <reporter-output>
          </reporter-output>
        </test-method> <!-- generateReport -->
        <test-method is-config="true" signature="setUp()[pri:0, instance:Extent_Report.Generate_ExtentReport@5b247367]" started-at="2024-04-25T12:25:06 IST" name="setUp" finished-at="2024-04-25T12:25:13 IST" duration-ms="7237" status="PASS">
          <reporter-output>
          </reporter-output>
        </test-method> <!-- setUp -->
        <test-method signature="testPass()[pri:0, instance:Extent_Report.Generate_ExtentReport@5b247367]" started-at="2024-04-25T12:25:13 IST" name="testPass" finished-at="2024-04-25T12:25:13 IST" duration-ms="39" status="PASS">
          <reporter-output>
          </reporter-output>
        </test-method> <!-- testPass -->
        <test-method is-config="true" signature="tearDown()[pri:0, instance:Extent_Report.Generate_ExtentReport@5b247367]" started-at="2024-04-25T12:25:13 IST" name="tearDown" finished-at="2024-04-25T12:25:14 IST" duration-ms="700" status="PASS">
          <reporter-output>
          </reporter-output>
        </test-method> <!-- tearDown -->
        <test-method is-config="true" signature="setUp()[pri:0, instance:Extent_Report.Generate_ExtentReport@5b247367]" started-at="2024-04-25T12:25:14 IST" name="setUp" finished-at="2024-04-25T12:25:17 IST" duration-ms="3440" status="PASS">
          <reporter-output>
          </reporter-output>
        </test-method> <!-- setUp -->
        <test-method signature="testfail()[pri:0, instance:Extent_Report.Generate_ExtentReport@5b247367]" started-at="2024-04-25T12:25:17 IST" name="testfail" finished-at="2024-04-25T12:25:17 IST" duration-ms="13" status="PASS">
          <reporter-output>
          </reporter-output>
        </test-method> <!-- testfail -->
        <test-method is-config="true" signature="tearDown()[pri:0, instance:Extent_Report.Generate_ExtentReport@5b247367]" started-at="2024-04-25T12:25:17 IST" name="tearDown" finished-at="2024-04-25T12:25:17 IST" duration-ms="268" status="PASS">
          <reporter-output>
          </reporter-output>
        </test-method> <!-- tearDown -->
      </class> <!-- Extent_Report.Generate_ExtentReport -->
    </test> <!-- Default test -->
  </suite> <!-- Default suite -->
</testng-results>
